Thu Aug 8 13:41:22 NZST 2013
Starting tests
Testing good.jar
.........................................
..
Time: 0.004

OK (43 tests)

Testing badA.jar
.........................................
..
Time: 0.004

OK (43 tests)

Testing badB.jar
............F.............................
..
Time: 0.005
There was 1 failure:
1) testConstructorOutOfRange(se254.money.TestMoney)junit.framework.AssertionFailedError: should have thrown exception
	at se254.money.TestMoney.testConstructorOutOfRange(TestMoney.java:148)
	at sun.reflect.NativeMethodAccessorImpl.invoke0(Native Method)
	at sun.reflect.NativeMethodAccessorImpl.invoke(NativeMethodAccessorImpl.java:57)
	at sun.reflect.DelegatingMethodAccessorImpl.invoke(DelegatingMethodAccessorImpl.java:43)
	at se254.money.TestMoney.main(TestMoney.java:421)

FAILURES!!!
Tests run: 43,  Failures: 1,  Errors: 0

Testing badC.jar
.....E................................E.E...
..
Time: 0.005
There were 3 errors:
1) testConstructorNegativeNumberAfterFirst(se254.money.TestMoney)java.lang.IllegalArgumentException: Invalid: negative after non-zero
	at se254.money.Money.<init>(Money.java:120)
	at se254.money.Money.<init>(Money.java:54)
	at se254.money.TestMoney.testConstructorNegativeNumberAfterFirst(TestMoney.java:45)
	at sun.reflect.NativeMethodAccessorImpl.invoke0(Native Method)
	at sun.reflect.NativeMethodAccessorImpl.invoke(NativeMethodAccessorImpl.java:57)
	at sun.reflect.DelegatingMethodAccessorImpl.invoke(DelegatingMethodAccessorImpl.java:43)
	at se254.money.TestMoney.main(TestMoney.java:421)
2) testAddThousandthsNegativePositive(se254.money.TestMoney)java.lang.IllegalArgumentException: Invalid: negative after non-zero
	at se254.money.Money.<init>(Money.java:120)
	at se254.money.Money.add(Money.java:236)
	at se254.money.TestMoney.testAddThousandthsNegativePositive(TestMoney.java:349)
	at sun.reflect.NativeMethodAccessorImpl.invoke0(Native Method)
	at sun.reflect.NativeMethodAccessorImpl.invoke(NativeMethodAccessorImpl.java:57)
	at sun.reflect.DelegatingMethodAccessorImpl.invoke(DelegatingMethodAccessorImpl.java:43)
	at se254.money.TestMoney.main(TestMoney.java:421)
3) testAddCornerCases(se254.money.TestMoney)java.lang.IllegalArgumentException: Invalid: negative after non-zero
	at se254.money.Money.<init>(Money.java:120)
	at se254.money.TestMoney.testAddCornerCases(TestMoney.java:359)
	at sun.reflect.NativeMethodAccessorImpl.invoke0(Native Method)
	at sun.reflect.NativeMethodAccessorImpl.invoke(NativeMethodAccessorImpl.java:57)
	at sun.reflect.DelegatingMethodAccessorImpl.invoke(DelegatingMethodAccessorImpl.java:43)
	at se254.money.TestMoney.main(TestMoney.java:421)

FAILURES!!!
Tests run: 43,  Failures: 0,  Errors: 3

Testing badD.jar
.....................................F....
..
Time: 0.005
There was 1 failure:
1) testAddThousandthsNegativePositive(se254.money.TestMoney)junit.framework.ComparisonFailure: expected:<...0.6989> but was:<...1.3011>
	at se254.money.TestMoney.testAddThousandthsNegativePositive(TestMoney.java:351)
	at sun.reflect.NativeMethodAccessorImpl.invoke0(Native Method)
	at sun.reflect.NativeMethodAccessorImpl.invoke(NativeMethodAccessorImpl.java:57)
	at sun.reflect.DelegatingMethodAccessorImpl.invoke(DelegatingMethodAccessorImpl.java:43)
	at se254.money.TestMoney.main(TestMoney.java:421)

FAILURES!!!
Tests run: 43,  Failures: 1,  Errors: 0

Testing badE.jar
......F...................................
..
Time: 0.005
There was 1 failure:
1) testConstructorSingleNegativeError(se254.money.TestMoney)junit.framework.AssertionFailedError: should have thrown exception
	at se254.money.TestMoney.testConstructorSingleNegativeError(TestMoney.java:59)
	at sun.reflect.NativeMethodAccessorImpl.invoke0(Native Method)
	at sun.reflect.NativeMethodAccessorImpl.invoke(NativeMethodAccessorImpl.java:57)
	at sun.reflect.DelegatingMethodAccessorImpl.invoke(DelegatingMethodAccessorImpl.java:43)
	at se254.money.TestMoney.main(TestMoney.java:421)

FAILURES!!!
Tests run: 43,  Failures: 1,  Errors: 0

Testing badF.jar
.........................................
..
Time: 0.004

OK (43 tests)

Testing badG.jar
.....................................F....
..
Time: 0.005
There was 1 failure:
1) testAddThousandthsNegativePositive(se254.money.TestMoney)junit.framework.ComparisonFailure: expected:<-...> but was:<...>
	at se254.money.TestMoney.testAddThousandthsNegativePositive(TestMoney.java:351)
	at sun.reflect.NativeMethodAccessorImpl.invoke0(Native Method)
	at sun.reflect.NativeMethodAccessorImpl.invoke(NativeMethodAccessorImpl.java:57)
	at sun.reflect.DelegatingMethodAccessorImpl.invoke(DelegatingMethodAccessorImpl.java:43)
	at se254.money.TestMoney.main(TestMoney.java:421)

FAILURES!!!
Tests run: 43,  Failures: 1,  Errors: 0

Testing badH.jar
...................F.F.....................
..
Time: 0.005
There were 2 failures:
1) testCompareToNegativeLessThan(se254.money.TestMoney)junit.framework.AssertionFailedError: expected:<-1> but was:<1>
	at se254.money.TestMoney.testCompareToNegativeLessThan(TestMoney.java:208)
	at sun.reflect.NativeMethodAccessorImpl.invoke0(Native Method)
	at sun.reflect.NativeMethodAccessorImpl.invoke(NativeMethodAccessorImpl.java:57)
	at sun.reflect.DelegatingMethodAccessorImpl.invoke(DelegatingMethodAccessorImpl.java:43)
	at se254.money.TestMoney.main(TestMoney.java:421)
2) testCompareNegativeToGeaterThan(se254.money.TestMoney)junit.framework.AssertionFailedError: expected:<1> but was:<-1>
	at se254.money.TestMoney.testCompareNegativeToGeaterThan(TestMoney.java:215)
	at sun.reflect.NativeMethodAccessorImpl.invoke0(Native Method)
	at sun.reflect.NativeMethodAccessorImpl.invoke(NativeMethodAccessorImpl.java:57)
	at sun.reflect.DelegatingMethodAccessorImpl.invoke(DelegatingMethodAccessorImpl.java:43)
	at se254.money.TestMoney.main(TestMoney.java:421)

FAILURES!!!
Tests run: 43,  Failures: 2,  Errors: 0

Testing badI.jar
.........................F..F..F.F...........
..
Time: 0.005
There were 4 failures:
1) testMultiplyPositiveRoundUp(se254.money.TestMoney)junit.framework.ComparisonFailure: expected:<...3> but was:<...2>
	at se254.money.TestMoney.testMultiplyPositiveRoundUp(TestMoney.java:247)
	at sun.reflect.NativeMethodAccessorImpl.invoke0(Native Method)
	at sun.reflect.NativeMethodAccessorImpl.invoke(NativeMethodAccessorImpl.java:57)
	at sun.reflect.DelegatingMethodAccessorImpl.invoke(DelegatingMethodAccessorImpl.java:43)
	at se254.money.TestMoney.main(TestMoney.java:421)
2) testMultiplyNegativeRoundUp(se254.money.TestMoney)junit.framework.ComparisonFailure: expected:<...3> but was:<...2>
	at se254.money.TestMoney.testMultiplyNegativeRoundUp(TestMoney.java:259)
	at sun.reflect.NativeMethodAccessorImpl.invoke0(Native Method)
	at sun.reflect.NativeMethodAccessorImpl.invoke(NativeMethodAccessorImpl.java:57)
	at sun.reflect.DelegatingMethodAccessorImpl.invoke(DelegatingMethodAccessorImpl.java:43)
	at se254.money.TestMoney.main(TestMoney.java:421)
3) testMultiplyPositiveRoundHalfwayMark(se254.money.TestMoney)junit.framework.ComparisonFailure: expected:<...3> but was:<...2>
	at se254.money.TestMoney.testMultiplyPositiveRoundHalfwayMark(TestMoney.java:271)
	at sun.reflect.NativeMethodAccessorImpl.invoke0(Native Method)
	at sun.reflect.NativeMethodAccessorImpl.invoke(NativeMethodAccessorImpl.java:57)
	at sun.reflect.DelegatingMethodAccessorImpl.invoke(DelegatingMethodAccessorImpl.java:43)
	at se254.money.TestMoney.main(TestMoney.java:421)
4) testMultiplyNegativeRoundHalfwayMark(se254.money.TestMoney)junit.framework.ComparisonFailure: expected:<...3> but was:<...2>
	at se254.money.TestMoney.testMultiplyNegativeRoundHalfwayMark(TestMoney.java:277)
	at sun.reflect.NativeMethodAccessorImpl.invoke0(Native Method)
	at sun.reflect.NativeMethodAccessorImpl.invoke(NativeMethodAccessorImpl.java:57)
	at sun.reflect.DelegatingMethodAccessorImpl.invoke(DelegatingMethodAccessorImpl.java:43)
	at se254.money.TestMoney.main(TestMoney.java:421)

FAILURES!!!
Tests run: 43,  Failures: 4,  Errors: 0

Testing badJ.jar
.......................F.......F...........
..
Time: 0.005
There were 2 failures:
1) testMultiplyNegative(se254.money.TestMoney)junit.framework.ComparisonFailure: expected:<-...> but was:<...>
	at se254.money.TestMoney.testMultiplyNegative(TestMoney.java:235)
	at sun.reflect.NativeMethodAccessorImpl.invoke0(Native Method)
	at sun.reflect.NativeMethodAccessorImpl.invoke(NativeMethodAccessorImpl.java:57)
	at sun.reflect.DelegatingMethodAccessorImpl.invoke(DelegatingMethodAccessorImpl.java:43)
	at se254.money.TestMoney.main(TestMoney.java:421)
2) testMultiplyNegativeRoundHalfwayMark(se254.money.TestMoney)junit.framework.ComparisonFailure: expected:<-...> but was:<...>
	at se254.money.TestMoney.testMultiplyNegativeRoundHalfwayMark(TestMoney.java:277)
	at sun.reflect.NativeMethodAccessorImpl.invoke0(Native Method)
	at sun.reflect.NativeMethodAccessorImpl.invoke(NativeMethodAccessorImpl.java:57)
	at sun.reflect.DelegatingMethodAccessorImpl.invoke(DelegatingMethodAccessorImpl.java:43)
	at se254.money.TestMoney.main(TestMoney.java:421)

FAILURES!!!
Tests run: 43,  Failures: 2,  Errors: 0

Done!
